<?xml version="1.0" encoding="UTF-8"?>
<!-- Generated by org.testng.reporters.JUnitXMLReporter -->
<testsuite ignored="0" hostname="CNDDLF0524" failures="1" tests="1" name="Functional Testing - Chrome" time="37.575" errors="0" timestamp="2022-10-03T13:01:54 IST">
  <testcase classname="com.qa.testscript.TC_JiomartFilters_002" name="ApplyMultipleFilters" time="23.465">
    <failure type="java.lang.AssertionError" message="The following asserts failed:
	expected [true] but found [false]">
      <![CDATA[java.lang.AssertionError: The following asserts failed:
expected [true] but found [false]
at com.qa.testscript.TC_JiomartFilters_002.ApplyMultipleFilters(TC_JiomartFilters_002.java:54)
at java.base/java.util.concurrent.ThreadPoolExecutor.runWorker(ThreadPoolExecutor.java:1136)
at java.base/java.util.concurrent.ThreadPoolExecutor$Worker.run(ThreadPoolExecutor.java:635)
at java.base/java.lang.Thread.run(Thread.java:833)
... Removed 14 stack frames]]>
    </failure>
  </testcase> <!-- ApplyMultipleFilters -->
</testsuite> <!-- Functional Testing - Chrome -->
